<?xml version="1.0" encoding="UTF-8"?>
<testng-results ignored="0" total="1" passed="1" failed="0" skipped="0">
  <reporter-output>
  </reporter-output>
  <suite started-at="2024-08-26T10:58:31 EEST" name="Default suite" finished-at="2024-08-26T10:58:40 EEST" duration-ms="9148">
    <groups>
    </groups>
    <test started-at="2024-08-26T10:58:31 EEST" name="Default test" finished-at="2024-08-26T10:58:40 EEST" duration-ms="9148">
      <class name="finalproj.OrderTest">
        <test-method is-config="true" signature="goHome()[pri:0, instance:finalproj.OrderTest@55f616cf]" started-at="2024-08-26T10:58:31 EEST" name="goHome" finished-at="2024-08-26T10:58:31 EEST" duration-ms="468" status="PASS">
          <reporter-output>
          </reporter-output>
        </test-method> <!-- goHome -->
        <test-method signature="testCreateAndModifyOrder()[pri:0, instance:finalproj.OrderTest@55f616cf]" started-at="2024-08-26T10:58:31 EEST" name="testCreateAndModifyOrder" finished-at="2024-08-26T10:58:40 EEST" duration-ms="8622" status="PASS">
          <reporter-output>
          </reporter-output>
        </test-method> <!-- testCreateAndModifyOrder -->
      </class> <!-- finalproj.OrderTest -->
    </test> <!-- Default test -->
  </suite> <!-- Default suite -->
</testng-results>
